<?xml version="1.0" encoding="UTF-8"?>
<!-- Generated by org.testng.reporters.JUnitReportReporter -->
<testsuite hostname="CORALPAY078" failures="0" tests="7" name="Tests.LoginTest" time="2.916" errors="0" timestamp="2024-05-27T17:17:45 WAT" skipped="0">
  <testcase classname="Tests.LoginTest" name="SingleCheckBox" time="1.189"/>
  <system-out/>
  <testcase classname="Tests.LoginTest" name="SelFirstOpt" time="0.207"/>
  <system-out/>
  <testcase classname="Tests.LoginTest" name="SelSecondOpt" time="0.111"/>
  <system-out/>
  <testcase classname="Tests.LoginTest" name="SelThirdOpt" time="0.131"/>
  <system-out/>
  <testcase classname="Tests.LoginTest" name="SelFourthOpt" time="0.101"/>
  <system-out/>
  <testcase classname="Tests.LoginTest" name="UncheckAllOpt" time="1.095"/>
  <system-out/>
  <testcase classname="Tests.LoginTest" name="CheckAllOpt" time="0.082"/>
  <system-out/>
</testsuite> <!-- Tests.LoginTest -->
