<?xml version="1.0" encoding="UTF-8"?>
<!-- Generated by org.testng.reporters.JUnitReportReporter -->
<testsuite hostname="CORALPAY078" failures="0" tests="7" name="Tests.LoginTest" time="2.723" errors="0" timestamp="2024-05-27T15:01:01 WAT" skipped="0">
  <testcase classname="Tests.LoginTest" name="SingleCheckBox" time="1.287"/>
  <system-out/>
  <testcase classname="Tests.LoginTest" name="SelFirstOpt" time="0.141"/>
  <system-out/>
  <testcase classname="Tests.LoginTest" name="SelSecondOpt" time="0.054"/>
  <system-out/>
  <testcase classname="Tests.LoginTest" name="SelThirdOpt" time="0.054"/>
  <system-out/>
  <testcase classname="Tests.LoginTest" name="SelFourthOpt" time="0.051"/>
  <system-out/>
  <testcase classname="Tests.LoginTest" name="UncheckAllOpt" time="1.070"/>
  <system-out/>
  <testcase classname="Tests.LoginTest" name="CheckAllOpt" time="0.066"/>
  <system-out/>
</testsuite> <!-- Tests.LoginTest -->
